INFO: latexindent.exe version 3.8.3, 2020-11-06, a script to indent .tex files
      latexindent.exe lives here: D:/latex/
      Thu Feb 25 20:55:38 2021
      Filename: d:/Desktop/Vivian/vivian-paper/sections/__latexindent_temp.tex
INFO: Processing switches:
      -y|--yaml: YAML settings specified via command line
      -c|--cruft: cruft directory
INFO: Directory for backup files and d:/Desktop/Vivian/vivian-paper//indent.log: d:/Desktop/Vivian/vivian-paper/
INFO: YAML settings read: defaultSettings.yaml
      Reading defaultSettings.yaml from D:/latex/defaultSettings.yaml
INFO: YAML settings read: indentconfig.yaml or .indentconfig.yaml
      Home directory is C:\Users\tianx (didn't find either indentconfig.yaml or .indentconfig.yaml)
      To specify user settings you would put indentconfig.yaml here: C:\Users\tianx/indentconfig.yaml
      Alternatively, you can use the hidden file .indentconfig.yaml as: C:\Users\tianx/.indentconfig.yaml
INFO: YAML settings read: -y switch
      Updating masterSettings with defaultIndent:     
INFO: Phase 1: searching for objects
INFO: Phase 2: finding surrounding indentation
INFO: Phase 3: indenting objects
INFO: Phase 4: final indentation check
INFO: Output routine:
      Not outputting to file; see -w and -o switches for more options.
      --------------
INFO: Please direct all communication/issues to:
      https://github.com/cmhughes/latexindent.pl
